Traceback (most recent call last):
  File "myRansac.py", line 213, in <module>
    dataX, nameX = GetDataFromCSV( fx )
  File "myRansac.py", line 18, in GetDataFromCSV
    with codecs.open( file_name, 'r', 'gbk' ) as fp:
  File "/usr/lib64/python3.4/codecs.py", line 891, in open
    file = builtins.open(filename, mode, buffering)
FileNotFoundError: [Errno 2] No such file or directory: './bkzs171020/SH#999999.txt'
2017-10-22 09:31:29: Deal with SH#880201.txt...
2017-10-22 09:31:31: Deal with SH#880202.txt...
2017-10-22 09:31:33: Deal with SH#880203.txt...
2017-10-22 09:31:35: Deal with SH#880204.txt...
2017-10-22 09:31:37: Deal with SH#880205.txt...
2017-10-22 09:31:38: Deal with SH#880206.txt...
2017-10-22 09:31:40: Deal with SH#880207.txt...
2017-10-22 09:31:42: Deal with SH#880208.txt...
2017-10-22 09:31:44: Deal with SH#880209.txt...
2017-10-22 09:31:46: Deal with SH#880210.txt...
2017-10-22 09:31:47: Deal with SH#880211.txt...
2017-10-22 09:31:49: Deal with SH#880212.txt...
2017-10-22 09:31:51: Deal with SH#880213.txt...
2017-10-22 09:31:53: Deal with SH#880214.txt...
2017-10-22 09:31:54: Deal with SH#880215.txt...
2017-10-22 09:31:56: Deal with SH#880216.txt...
2017-10-22 09:31:58: Deal with SH#880217.txt...
2017-10-22 09:32:00: Deal with SH#880218.txt...
2017-10-22 09:32:01: Deal with SH#880219.txt...
2017-10-22 09:32:03: Deal with SH#880220.txt...
2017-10-22 09:32:05: Deal with SH#880221.txt...
2017-10-22 09:32:07: Deal with SH#880222.txt...
2017-10-22 09:32:08: Deal with SH#880223.txt...
2017-10-22 09:32:10: Deal with SH#880224.txt...
2017-10-22 09:32:12: Deal with SH#880225.txt...
2017-10-22 09:32:14: Deal with SH#880226.txt...
2017-10-22 09:32:16: Deal with SH#880227.txt...
2017-10-22 09:32:17: Deal with SH#880228.txt...
2017-10-22 09:32:19: Deal with SH#880229.txt...
2017-10-22 09:32:21: Deal with SH#880230.txt...
2017-10-22 09:32:23: Deal with SH#880231.txt...
2017-10-22 09:32:24: Deal with SH#880232.txt...
2017-10-22 09:32:26: Deal with SH#880301.txt...
2017-10-22 09:32:28: Deal with SH#880305.txt...
2017-10-22 09:32:30: Deal with SH#880310.txt...
2017-10-22 09:32:31: Deal with SH#880318.txt...
2017-10-22 09:32:33: Deal with SH#880324.txt...
2017-10-22 09:32:35: Deal with SH#880330.txt...
2017-10-22 09:32:37: Deal with SH#880335.txt...
2017-10-22 09:32:38: Deal with SH#880344.txt...
2017-10-22 09:32:40: Deal with SH#880350.txt...
2017-10-22 09:32:42: Deal with SH#880351.txt...
2017-10-22 09:32:44: Deal with SH#880355.txt...
2017-10-22 09:32:45: Deal with SH#880360.txt...
2017-10-22 09:32:47: Deal with SH#880367.txt...
2017-10-22 09:32:49: Deal with SH#880372.txt...
2017-10-22 09:32:51: Deal with SH#880380.txt...
2017-10-22 09:32:53: Deal with SH#880387.txt...
2017-10-22 09:32:54: Deal with SH#880390.txt...
2017-10-22 09:32:56: Deal with SH#880398.txt...
2017-10-22 09:32:58: Deal with SH#880399.txt...
2017-10-22 09:33:00: Deal with SH#880400.txt...
2017-10-22 09:33:02: Deal with SH#880406.txt...
2017-10-22 09:33:04: Deal with SH#880414.txt...
2017-10-22 09:33:05: Deal with SH#880418.txt...
2017-10-22 09:33:07: Deal with SH#880421.txt...
2017-10-22 09:33:09: Deal with SH#880422.txt...
2017-10-22 09:33:10: Deal with SH#880423.txt...
2017-10-22 09:33:12: Deal with SH#880424.txt...
2017-10-22 09:33:14: Deal with SH#880430.txt...
2017-10-22 09:33:16: Deal with SH#880431.txt...
2017-10-22 09:33:18: Deal with SH#880432.txt...
2017-10-22 09:33:19: Deal with SH#880437.txt...
2017-10-22 09:33:21: Deal with SH#880440.txt...
2017-10-22 09:33:23: Deal with SH#880446.txt...
2017-10-22 09:33:24: Deal with SH#880447.txt...
2017-10-22 09:33:26: Deal with SH#880448.txt...
2017-10-22 09:33:28: Deal with SH#880452.txt...
2017-10-22 09:33:30: Deal with SH#880453.txt...
2017-10-22 09:33:31: Deal with SH#880454.txt...
2017-10-22 09:33:33: Deal with SH#880455.txt...
2017-10-22 09:33:35: Deal with SH#880456.txt...
2017-10-22 09:33:37: Deal with SH#880459.txt...
2017-10-22 09:33:38: Deal with SH#880464.txt...
2017-10-22 09:33:40: Deal with SH#880465.txt...
2017-10-22 09:33:42: Deal with SH#880471.txt...
2017-10-22 09:33:44: Deal with SH#880472.txt...
2017-10-22 09:33:45: Deal with SH#880473.txt...
2017-10-22 09:33:47: Deal with SH#880474.txt...
2017-10-22 09:33:49: Deal with SH#880476.txt...
2017-10-22 09:33:51: Deal with SH#880482.txt...
2017-10-22 09:33:52: Deal with SH#880489.txt...
2017-10-22 09:33:54: Deal with SH#880490.txt...
2017-10-22 09:33:56: Deal with SH#880491.txt...
2017-10-22 09:33:58: Deal with SH#880492.txt...
2017-10-22 09:33:59: Deal with SH#880493.txt...
2017-10-22 09:34:01: Deal with SH#880494.txt...
2017-10-22 09:34:03: Deal with SH#880497.txt...
2017-10-22 09:34:05: Deal with SH#880501.txt...
2017-10-22 09:34:06: Deal with SH#880502.txt...
2017-10-22 09:34:08: Deal with SH#880503.txt...
2017-10-22 09:34:10: Deal with SH#880504.txt...
2017-10-22 09:34:12: Deal with SH#880505.txt...
2017-10-22 09:34:14: Deal with SH#880506.txt...
2017-10-22 09:34:16: Deal with SH#880507.txt...
2017-10-22 09:34:17: Deal with SH#880511.txt...
2017-10-22 09:34:19: Deal with SH#880513.txt...
2017-10-22 09:34:21: Deal with SH#880515.txt...
2017-10-22 09:34:23: Deal with SH#880516.txt...
2017-10-22 09:34:24: Deal with SH#880519.txt...
2017-10-22 09:34:26: Deal with SH#880520.txt...
2017-10-22 09:34:28: Deal with SH#880521.txt...
2017-10-22 09:34:30: Deal with SH#880522.txt...
2017-10-22 09:34:31: Deal with SH#880523.txt...
2017-10-22 09:34:33: Deal with SH#880524.txt...
2017-10-22 09:34:35: Deal with SH#880525.txt...
2017-10-22 09:34:37: Deal with SH#880526.txt...
2017-10-22 09:34:38: Deal with SH#880527.txt...
2017-10-22 09:34:40: Deal with SH#880528.txt...
2017-10-22 09:34:42: Deal with SH#880529.txt...
2017-10-22 09:34:44: Deal with SH#880530.txt...
2017-10-22 09:34:45: Deal with SH#880531.txt...
2017-10-22 09:34:47: Deal with SH#880532.txt...
2017-10-22 09:34:49: Deal with SH#880533.txt...
2017-10-22 09:34:51: Deal with SH#880534.txt...
2017-10-22 09:34:52: Deal with SH#880535.txt...
2017-10-22 09:34:54: Deal with SH#880536.txt...
2017-10-22 09:34:56: Deal with SH#880537.txt...
2017-10-22 09:34:58: Deal with SH#880538.txt...
2017-10-22 09:34:59: Deal with SH#880539.txt...
2017-10-22 09:35:01: Deal with SH#880540.txt...
2017-10-22 09:35:03: Deal with SH#880541.txt...
2017-10-22 09:35:05: Deal with SH#880542.txt...
2017-10-22 09:35:07: Deal with SH#880543.txt...
2017-10-22 09:35:08: Deal with SH#880544.txt...
2017-10-22 09:35:10: Deal with SH#880545.txt...
2017-10-22 09:35:12: Deal with SH#880546.txt...
2017-10-22 09:35:14: Deal with SH#880547.txt...
2017-10-22 09:35:15: Deal with SH#880548.txt...
2017-10-22 09:35:17: Deal with SH#880549.txt...
2017-10-22 09:35:19: Deal with SH#880550.txt...
2017-10-22 09:35:21: Deal with SH#880551.txt...
2017-10-22 09:35:22: Deal with SH#880552.txt...
2017-10-22 09:35:24: Deal with SH#880553.txt...
2017-10-22 09:35:26: Deal with SH#880554.txt...
2017-10-22 09:35:28: Deal with SH#880556.txt...
2017-10-22 09:35:29: Deal with SH#880557.txt...
2017-10-22 09:35:31: Deal with SH#880558.txt...
2017-10-22 09:35:33: Deal with SH#880559.txt...
2017-10-22 09:35:35: Deal with SH#880560.txt...
2017-10-22 09:35:36: Deal with SH#880562.txt...
2017-10-22 09:35:38: Deal with SH#880563.txt...
2017-10-22 09:35:40: Deal with SH#880564.txt...
2017-10-22 09:35:41: Deal with SH#880565.txt...
2017-10-22 09:35:43: Deal with SH#880566.txt...
2017-10-22 09:35:45: Deal with SH#880567.txt...
2017-10-22 09:35:47: Deal with SH#880568.txt...
2017-10-22 09:35:49: Deal with SH#880569.txt...
2017-10-22 09:35:50: Deal with SH#880570.txt...
2017-10-22 09:35:52: Deal with SH#880571.txt...
2017-10-22 09:35:54: Deal with SH#880572.txt...
2017-10-22 09:35:56: Deal with SH#880573.txt...
2017-10-22 09:35:57: Deal with SH#880574.txt...
2017-10-22 09:35:59: Deal with SH#880575.txt...
2017-10-22 09:36:01: Deal with SH#880576.txt...
2017-10-22 09:36:03: Deal with SH#880577.txt...
2017-10-22 09:36:05: Deal with SH#880578.txt...
2017-10-22 09:36:06: Deal with SH#880579.txt...
2017-10-22 09:36:08: Deal with SH#880580.txt...
2017-10-22 09:36:10: Deal with SH#880581.txt...
2017-10-22 09:36:11: Deal with SH#880582.txt...
2017-10-22 09:36:13: Deal with SH#880583.txt...
2017-10-22 09:36:15: Deal with SH#880584.txt...
2017-10-22 09:36:17: Deal with SH#880585.txt...
2017-10-22 09:36:18: Deal with SH#880586.txt...
2017-10-22 09:36:20: Deal with SH#880587.txt...
2017-10-22 09:36:22: Deal with SH#880588.txt...
2017-10-22 09:36:24: Deal with SH#880589.txt...
2017-10-22 09:36:25: Deal with SH#880590.txt...
2017-10-22 09:36:27: Deal with SH#880591.txt...
2017-10-22 09:36:29: Deal with SH#880592.txt...
2017-10-22 09:36:31: Deal with SH#880593.txt...
2017-10-22 09:36:32: Deal with SH#880594.txt...
2017-10-22 09:36:34: Deal with SH#880595.txt...
2017-10-22 09:36:36: Deal with SH#880596.txt...
2017-10-22 09:36:38: Deal with SH#880597.txt...
2017-10-22 09:36:39: Deal with SH#880598.txt...
2017-10-22 09:36:41: Deal with SH#880599.txt...
2017-10-22 09:36:43: Deal with SH#880600.txt...
2017-10-22 09:36:45: Deal with SH#880801.txt...
2017-10-22 09:36:47: Deal with SH#880802.txt...
2017-10-22 09:36:48: Deal with SH#880803.txt...
2017-10-22 09:36:50: Deal with SH#880804.txt...
2017-10-22 09:36:52: Deal with SH#880805.txt...
2017-10-22 09:36:54: Deal with SH#880806.txt...
2017-10-22 09:36:56: Deal with SH#880807.txt...
2017-10-22 09:36:57: Deal with SH#880808.txt...
2017-10-22 09:36:59: Deal with SH#880809.txt...
2017-10-22 09:37:01: Deal with SH#880821.txt...
2017-10-22 09:37:03: Deal with SH#880823.txt...
2017-10-22 09:37:05: Deal with SH#880824.txt...
2017-10-22 09:37:06: Deal with SH#880826.txt...
2017-10-22 09:37:08: Deal with SH#880827.txt...
2017-10-22 09:37:10: Deal with SH#880829.txt...
2017-10-22 09:37:12: Deal with SH#880833.txt...
2017-10-22 09:37:13: Deal with SH#880834.txt...
2017-10-22 09:37:15: Deal with SH#880835.txt...
2017-10-22 09:37:17: Deal with SH#880836.txt...
2017-10-22 09:37:19: Deal with SH#880837.txt...
2017-10-22 09:37:20: Deal with SH#880842.txt...
2017-10-22 09:37:22: Deal with SH#880843.txt...
2017-10-22 09:37:24: Deal with SH#880844.txt...
2017-10-22 09:37:26: Deal with SH#880845.txt...
2017-10-22 09:37:27: Deal with SH#880846.txt...
2017-10-22 09:37:29: Deal with SH#880847.txt...
2017-10-22 09:37:31: Deal with SH#880848.txt...
2017-10-22 09:37:33: Deal with SH#880849.txt...
2017-10-22 09:37:34: Deal with SH#880850.txt...
2017-10-22 09:37:36: Deal with SH#880851.txt...
2017-10-22 09:37:38: Deal with SH#880852.txt...
2017-10-22 09:37:40: Deal with SH#880853.txt...
2017-10-22 09:37:42: Deal with SH#880854.txt...
2017-10-22 09:37:43: Deal with SH#880855.txt...
2017-10-22 09:37:45: Deal with SH#880856.txt...
2017-10-22 09:37:47: Deal with SH#880857.txt...
2017-10-22 09:37:48: Deal with SH#880858.txt...
2017-10-22 09:37:50: Deal with SH#880859.txt...
2017-10-22 09:37:52: Deal with SH#880860.txt...
2017-10-22 09:37:54: Deal with SH#880861.txt...
2017-10-22 09:37:56: Deal with SH#880862.txt...
2017-10-22 09:37:57: Deal with SH#880863.txt...
2017-10-22 09:37:59: Deal with SH#880864.txt...
2017-10-22 09:38:01: Deal with SH#880865.txt...
2017-10-22 09:38:03: Deal with SH#880866.txt...
2017-10-22 09:38:04: Deal with SH#880867.txt...
2017-10-22 09:38:06: Deal with SH#880868.txt...
2017-10-22 09:38:08: Deal with SH#880869.txt...
2017-10-22 09:38:10: Deal with SH#880870.txt...
2017-10-22 09:38:11: Deal with SH#880871.txt...
2017-10-22 09:38:13: Deal with SH#880872.txt...
2017-10-22 09:38:15: Deal with SH#880873.txt...
2017-10-22 09:38:17: Deal with SH#880874.txt...
2017-10-22 09:38:18: Deal with SH#880875.txt...
2017-10-22 09:38:20: Deal with SH#880876.txt...
2017-10-22 09:38:22: Deal with SH#880877.txt...
2017-10-22 09:38:24: Deal with SH#880878.txt...
2017-10-22 09:38:25: Deal with SH#880879.txt...
2017-10-22 09:38:27: Deal with SH#880880.txt...
2017-10-22 09:38:29: Deal with SH#880881.txt...
2017-10-22 09:38:31: Deal with SH#880882.txt...
2017-10-22 09:38:32: Deal with SH#880883.txt...
2017-10-22 09:38:34: Deal with SH#880884.txt...
2017-10-22 09:38:36: Deal with SH#880885.txt...
2017-10-22 09:38:38: Deal with SH#880886.txt...
2017-10-22 09:38:39: Deal with SH#880901.txt...
2017-10-22 09:38:41: Deal with SH#880902.txt...
2017-10-22 09:38:42: Deal with SH#880903.txt...
2017-10-22 09:38:44: Deal with SH#880904.txt...
2017-10-22 09:38:46: Deal with SH#880905.txt...
2017-10-22 09:38:48: Deal with SH#880906.txt...
2017-10-22 09:38:49: Deal with SH#880907.txt...
2017-10-22 09:38:51: Deal with SH#880908.txt...
2017-10-22 09:38:53: Deal with SH#880909.txt...
2017-10-22 09:38:55: Deal with SH#880910.txt...
2017-10-22 09:38:56: Deal with SH#880911.txt...
2017-10-22 09:38:58: Deal with SH#880912.txt...
2017-10-22 09:39:00: Deal with SH#880913.txt...
2017-10-22 09:39:02: Deal with SH#880915.txt...
2017-10-22 09:39:04: Deal with SH#880916.txt...
2017-10-22 09:39:05: Deal with SH#880917.txt...
2017-10-22 09:39:07: Deal with SH#880918.txt...
2017-10-22 09:39:09: Deal with SH#880919.txt...
2017-10-22 09:39:11: Deal with SH#880920.txt...
2017-10-22 09:39:12: Deal with SH#880921.txt...
2017-10-22 09:39:14: Deal with SH#880922.txt...
2017-10-22 09:39:16: Deal with SH#880923.txt...
2017-10-22 09:39:18: Deal with SH#880925.txt...
2017-10-22 09:39:20: Deal with SH#880926.txt...
2017-10-22 09:39:22: Deal with SH#880927.txt...
2017-10-22 09:39:24: Deal with SH#880928.txt...
2017-10-22 09:39:26: Deal with SH#880929.txt...
2017-10-22 09:39:28: Deal with SH#880930.txt...
2017-10-22 09:39:30: Deal with SH#880931.txt...
2017-10-22 09:39:32: Deal with SH#880932.txt...
2017-10-22 09:39:34: Deal with SH#880933.txt...
2017-10-22 09:39:36: Deal with SH#880935.txt...
2017-10-22 09:39:38: Deal with SH#880936.txt...
2017-10-22 09:39:40: Deal with SH#880937.txt...
2017-10-22 09:39:41: Deal with SH#880938.txt...
2017-10-22 09:39:43: Deal with SH#880939.txt...
2017-10-22 09:39:45: Deal with SH#880940.txt...
2017-10-22 09:39:47: Deal with SH#880941.txt...
2017-10-22 09:39:49: Deal with SH#880942.txt...
2017-10-22 09:39:51: Deal with SH#880943.txt...
2017-10-22 09:39:53: Deal with SH#880944.txt...
2017-10-22 09:39:55: Deal with SH#880945.txt...
2017-10-22 09:39:57: Deal with SH#880946.txt...
2017-10-22 09:39:59: Deal with SH#880947.txt...
2017-10-22 09:40:01: Deal with SH#880948.txt...
2017-10-22 09:40:03: Deal with SH#880949.txt...
2017-10-22 09:40:05: Deal with SH#880950.txt...
2017-10-22 09:40:07: Deal with SH#880951.txt...
2017-10-22 09:40:09: Deal with SH#880952.txt...
2017-10-22 09:40:11: Deal with SH#880953.txt...
Traceback (most recent call last):
  File "myRansac.py", line 288, in <module>
    myMail.doc = fnList
NameError: name 'fnList' is not defined
